Using pre-set license
Built from '2020.2/release' branch; Version is '2020.2.1f1 (270dd8c3da1c) revision 2559448'; Using compiler version '192528614'; Build Type 'Release'
OS: 'Windows 10  (10.0.0) 64bit' Language: 'tr' Physical Memory: 8084 MB
BatchMode: 1, IsHumanControllingUs: 0, StartBugReporterOnCrash: 0, Is64bit: 1, IsPro: 0

 COMMAND LINE ARGUMENTS:
C:\Unity Editor\2020.2.1f1\Editor\Unity.exe
-adb2
-batchMode
-noUpm
-name
AssetImportWorker0
-projectPath
C:/Users/erdog/Documents/unity proje/medium
-logFile
Logs/AssetImportWorker0.log
-srvPort
55120
Successfully changed project path to: C:/Users/erdog/Documents/unity proje/medium
C:/Users/erdog/Documents/unity proje/medium
Using Asset Import Pipeline V2.
Refreshing native plugins compatible for Editor in 20.29 ms, found 0 plugins.
Preloading 0 native plugins for Editor in 0.00 ms.
Initialize engine version: 2020.2.1f1 (270dd8c3da1c)
[Subsystems] Discovering subsystems at path C:/Unity Editor/2020.2.1f1/Editor/Data/Resources/UnitySubsystems
[Subsystems] Discovering subsystems at path C:/Users/erdog/Documents/unity proje/medium/Assets
GfxDevice: creating device client; threaded=0
Direct3D:
    Version:  Direct3D 11.0 [level 11.1]
    Renderer: NVIDIA GeForce GTX 1050 (ID=0x1c8d)
    Vendor:   
    VRAM:     4019 MB
    Driver:   24.21.13.9826
Initialize mono
Mono path[0] = 'C:/Unity Editor/2020.2.1f1/Editor/Data/Managed'
Mono path[1] = 'C:/Unity Editor/2020.2.1f1/Editor/Data/MonoBleedingEdge/lib/mono/unityjit'
Mono config path = 'C:/Unity Editor/2020.2.1f1/Editor/Data/MonoBleedingEdge/etc'
Using monoOptions --debugger-agent=transport=dt_socket,embedding=1,server=y,suspend=n,address=127.0.0.1:56616
Begin MonoManager ReloadAssembly
Registering precompiled unity dll's ...
Register platform support module: C:/Unity Editor/2020.2.1f1/Editor/Data/PlaybackEngines/MacStandaloneSupport/UnityEditor.OSXStandalone.Extensions.dll
Register platform support module: C:/Unity Editor/2020.2.1f1/Editor/Data/PlaybackEngines/WindowsStandaloneSupport/UnityEditor.WindowsStandalone.Extensions.dll
Registered in 0.002085 seconds.
Native extension for WindowsStandalone target not found
Native extension for OSXStandalone target not found
Refreshing native plugins compatible for Editor in 22.88 ms, found 0 plugins.
Preloading 0 native plugins for Editor in 0.00 ms.
Invoked RoslynAnalysisRunner static constructor.
RoslynAnalysisRunner will not be running.
RoslynAnalysisRunner has terminated.
Mono: successfully reloaded assembly
- Completed reload, in  1.730 seconds
Platform modules already initialized, skipping
Registering precompiled user dll's ...
Registered in 0.000736 seconds.
Begin MonoManager ReloadAssembly
Native extension for WindowsStandalone target not found
Native extension for OSXStandalone target not found
Refreshing native plugins compatible for Editor in 0.19 ms, found 0 plugins.
Preloading 0 native plugins for Editor in 0.00 ms.
Invoked RoslynAnalysisRunner static constructor.
RoslynAnalysisRunner will not be running.
RoslynAnalysisRunner has terminated.
Mono: successfully reloaded assembly
- Completed reload, in  0.754 seconds
Platform modules already initialized, skipping
========================================================================
Worker process is ready to serve import requests
Launched and connected shader compiler UnityShaderCompiler.exe after 0.03 seconds
Refreshing native plugins compatible for Editor in 0.22 ms, found 0 plugins.
Preloading 0 native plugins for Editor in 0.00 ms.
Unloading 1105 Unused Serialized files (Serialized files now loaded: 0)
System memory in use before: 56.7 MB.
System memory in use after: 56.7 MB.

Unloading 10 unused Assets to reduce memory usage. Loaded Objects now: 1547.
Total: 2.367400 ms (FindLiveObjects: 0.367700 ms CreateObjectMapping: 0.129000 ms MarkObjects: 1.792600 ms  DeleteObjects: 0.076800 ms)

========================================================================
Received Import Request.
  path: Assets/Joystick Pack
  artifactKey: Guid(eb5ceb63d9cf09d40a30d27d815443f6) Importer(815301076,1909f56bfc062723c751e8b465ee728b)
Start importing Assets/Joystick Pack using Guid(eb5ceb63d9cf09d40a30d27d815443f6) Importer(815301076,1909f56bfc062723c751e8b465ee728b)  -> (artifact id: '6453c9fafbfac8c3db207298c60e8ad7') in 0.010144 seconds
  Import took 0.012875 seconds .

========================================================================
Received Import Request.
  Time since last request: 3.128769 seconds.
  path: Assets/Joystick Pack/Prefabs
  artifactKey: Guid(d41e4075f56d1e1438b3af3673ec6081) Importer(815301076,1909f56bfc062723c751e8b465ee728b)
Start importing Assets/Joystick Pack/Prefabs using Guid(d41e4075f56d1e1438b3af3673ec6081) Importer(815301076,1909f56bfc062723c751e8b465ee728b)  -> (artifact id: '27951f1a1b5dcd4530c8f90e0f9e0d30') in 0.009602 seconds
  Import took 0.013780 seconds .

========================================================================
Received Import Request.
  Time since last request: 0.045112 seconds.
  path: Assets/Joystick Pack/Prefabs/Dynamic Joystick.prefab
  artifactKey: Guid(56fae09712773584fb63896d473a98ee) Importer(815301076,1909f56bfc062723c751e8b465ee728b)
Start importing Assets/Joystick Pack/Prefabs/Dynamic Joystick.prefab using Guid(56fae09712773584fb63896d473a98ee) Importer(815301076,1909f56bfc062723c751e8b465ee728b)  -> (artifact id: '303372c7e98efb4b8ff788a352658e56') in 0.055789 seconds
  Import took 0.058242 seconds .

========================================================================
Received Import Request.
  Time since last request: 0.000264 seconds.
  path: Assets/Joystick Pack/Prefabs/Variable Joystick.prefab
  artifactKey: Guid(ec536a7718376554185e4a856d5ae230) Importer(815301076,1909f56bfc062723c751e8b465ee728b)
Start importing Assets/Joystick Pack/Prefabs/Variable Joystick.prefab using Guid(ec536a7718376554185e4a856d5ae230) Importer(815301076,1909f56bfc062723c751e8b465ee728b)  -> (artifact id: 'df420dd887f98a0131481f4a7bcc25d9') in 0.009235 seconds
  Import took 0.011095 seconds .

========================================================================
Received Import Request.
  Time since last request: 0.000298 seconds.
  path: Assets/Joystick Pack/Prefabs/Fixed Joystick.prefab
  artifactKey: Guid(aaa2c939c0359ac4dbce3f49e8b90252) Importer(815301076,1909f56bfc062723c751e8b465ee728b)
Start importing Assets/Joystick Pack/Prefabs/Fixed Joystick.prefab using Guid(aaa2c939c0359ac4dbce3f49e8b90252) Importer(815301076,1909f56bfc062723c751e8b465ee728b)  -> (artifact id: '9bc1dc2fb1d2bc89100aec1329be8b52') in 0.008132 seconds
  Import took 0.009689 seconds .

========================================================================
Received Import Request.
  Time since last request: 0.000295 seconds.
  path: Assets/Joystick Pack/Prefabs/Floating Joystick.prefab
  artifactKey: Guid(0d230cc8be529a542a08cb878ab14b18) Importer(815301076,1909f56bfc062723c751e8b465ee728b)
Start importing Assets/Joystick Pack/Prefabs/Floating Joystick.prefab using Guid(0d230cc8be529a542a08cb878ab14b18) Importer(815301076,1909f56bfc062723c751e8b465ee728b)  -> (artifact id: '62b592db9cb43bc21af948a99c2e66f8') in 0.008249 seconds
  Import took 0.009901 seconds .

========================================================================
Received Import Request.
  Time since last request: 947.176719 seconds.
  path: Assets
  artifactKey: Guid(00000000000000001000000000000000) Importer(815301076,1909f56bfc062723c751e8b465ee728b)
Start importing Assets using Guid(00000000000000001000000000000000) Importer(815301076,1909f56bfc062723c751e8b465ee728b)  -> (artifact id: 'e1a2c4dac9df7c17871e19a3b74f0e9f') in 0.010181 seconds
  Import took 0.012901 seconds .

========================================================================
Received Import Request.
  Time since last request: 14.907581 seconds.
  path: Assets/Mov.cs
  artifactKey: Guid(a4ced61441186bd4d9b734479627c438) Importer(815301076,1909f56bfc062723c751e8b465ee728b)
Start importing Assets/Mov.cs using Guid(a4ced61441186bd4d9b734479627c438) Importer(815301076,1909f56bfc062723c751e8b465ee728b)  -> (artifact id: '337097638d763d5ac0418d999f2741b2') in 0.017021 seconds
  Import took 0.020219 seconds .

========================================================================
Received Import Request.
  Time since last request: 0.106231 seconds.
  path: Assets/Mov.cs
  artifactKey: Guid(a4ced61441186bd4d9b734479627c438) Importer(815301076,1909f56bfc062723c751e8b465ee728b)
Start importing Assets/Mov.cs using Guid(a4ced61441186bd4d9b734479627c438) Importer(815301076,1909f56bfc062723c751e8b465ee728b)  -> (artifact id: '337097638d763d5ac0418d999f2741b2') in 0.006095 seconds
  Import took 0.010837 seconds .

========================================================================
Received Prepare
Registering precompiled user dll's ...
Registered in 0.001395 seconds.
Begin MonoManager ReloadAssembly
Native extension for WindowsStandalone target not found
Native extension for OSXStandalone target not found
Refreshing native plugins compatible for Editor in 0.29 ms, found 0 plugins.
Preloading 0 native plugins for Editor in 0.00 ms.
Invoked RoslynAnalysisRunner static constructor.
RoslynAnalysisRunner will not be running.
RoslynAnalysisRunner has terminated.
Mono: successfully reloaded assembly
- Completed reload, in  1.416 seconds
Platform modules already initialized, skipping
Refreshing native plugins compatible for Editor in 0.23 ms, found 0 plugins.
Preloading 0 native plugins for Editor in 0.00 ms.
Unloading 1101 Unused Serialized files (Serialized files now loaded: 0)
System memory in use before: 56.8 MB.
System memory in use after: 56.8 MB.

Unloading 5 unused Assets to reduce memory usage. Loaded Objects now: 1550.
Total: 2.149000 ms (FindLiveObjects: 0.270300 ms CreateObjectMapping: 0.085200 ms MarkObjects: 1.749600 ms  DeleteObjects: 0.042400 ms)

========================================================================
Received Prepare
Registering precompiled user dll's ...
Registered in 0.000680 seconds.
Begin MonoManager ReloadAssembly
Native extension for WindowsStandalone target not found
Native extension for OSXStandalone target not found
Refreshing native plugins compatible for Editor in 0.19 ms, found 0 plugins.
Preloading 0 native plugins for Editor in 0.00 ms.
Invoked RoslynAnalysisRunner static constructor.
RoslynAnalysisRunner will not be running.
RoslynAnalysisRunner has terminated.
Mono: successfully reloaded assembly
- Completed reload, in  0.726 seconds
Platform modules already initialized, skipping
Refreshing native plugins compatible for Editor in 0.55 ms, found 0 plugins.
Preloading 0 native plugins for Editor in 0.00 ms.
Unloading 1101 Unused Serialized files (Serialized files now loaded: 0)
System memory in use before: 57.0 MB.
System memory in use after: 57.0 MB.

Unloading 5 unused Assets to reduce memory usage. Loaded Objects now: 1552.
Total: 2.542800 ms (FindLiveObjects: 0.333000 ms CreateObjectMapping: 0.103600 ms MarkObjects: 2.051200 ms  DeleteObjects: 0.052900 ms)

========================================================================
Received Import Request.
  Time since last request: 259.910791 seconds.
  path: Assets/Mov.cs
  artifactKey: Guid(a4ced61441186bd4d9b734479627c438) Importer(815301076,1909f56bfc062723c751e8b465ee728b)
Start importing Assets/Mov.cs using Guid(a4ced61441186bd4d9b734479627c438) Importer(815301076,1909f56bfc062723c751e8b465ee728b)  -> (artifact id: '6edc8d66c96a8bd954fd643c40caf068') in 0.007738 seconds
  Import took 0.010286 seconds .

========================================================================
Received Prepare
Registering precompiled user dll's ...
Registered in 0.000893 seconds.
Begin MonoManager ReloadAssembly
Native extension for WindowsStandalone target not found
Native extension for OSXStandalone target not found
Refreshing native plugins compatible for Editor in 0.19 ms, found 0 plugins.
Preloading 0 native plugins for Editor in 0.00 ms.
Invoked RoslynAnalysisRunner static constructor.
RoslynAnalysisRunner will not be running.
RoslynAnalysisRunner has terminated.
Mono: successfully reloaded assembly
- Completed reload, in  0.730 seconds
Platform modules already initialized, skipping
Refreshing native plugins compatible for Editor in 0.26 ms, found 0 plugins.
Preloading 0 native plugins for Editor in 0.00 ms.
Unloading 1101 Unused Serialized files (Serialized files now loaded: 0)
System memory in use before: 57.1 MB.
System memory in use after: 57.2 MB.

Unloading 5 unused Assets to reduce memory usage. Loaded Objects now: 1554.
Total: 1.614700 ms (FindLiveObjects: 0.138000 ms CreateObjectMapping: 0.038900 ms MarkObjects: 1.400800 ms  DeleteObjects: 0.035700 ms)

========================================================================
Received Import Request.
  Time since last request: 67.916121 seconds.
  path: Assets/Mov.cs
  artifactKey: Guid(a4ced61441186bd4d9b734479627c438) Importer(815301076,1909f56bfc062723c751e8b465ee728b)
Start importing Assets/Mov.cs using Guid(a4ced61441186bd4d9b734479627c438) Importer(815301076,1909f56bfc062723c751e8b465ee728b)  -> (artifact id: '4da8d15219f4673e17f5f89af4dbdfb8') in 0.010661 seconds
  Import took 0.014317 seconds .

========================================================================
Received Prepare
Registering precompiled user dll's ...
Registered in 0.001126 seconds.
Begin MonoManager ReloadAssembly
Native extension for WindowsStandalone target not found
Native extension for OSXStandalone target not found
Refreshing native plugins compatible for Editor in 0.21 ms, found 0 plugins.
Preloading 0 native plugins for Editor in 0.00 ms.
Invoked RoslynAnalysisRunner static constructor.
RoslynAnalysisRunner will not be running.
RoslynAnalysisRunner has terminated.
Mono: successfully reloaded assembly
- Completed reload, in  0.749 seconds
Platform modules already initialized, skipping
Refreshing native plugins compatible for Editor in 0.19 ms, found 0 plugins.
Preloading 0 native plugins for Editor in 0.00 ms.
Unloading 1101 Unused Serialized files (Serialized files now loaded: 0)
System memory in use before: 57.2 MB.
System memory in use after: 57.3 MB.

Unloading 5 unused Assets to reduce memory usage. Loaded Objects now: 1556.
Total: 1.669300 ms (FindLiveObjects: 0.177300 ms CreateObjectMapping: 0.045200 ms MarkObjects: 1.405700 ms  DeleteObjects: 0.040100 ms)

========================================================================
Received Prepare
Registering precompiled user dll's ...
Registered in 0.000672 seconds.
Begin MonoManager ReloadAssembly
Native extension for WindowsStandalone target not found
Native extension for OSXStandalone target not found
Refreshing native plugins compatible for Editor in 0.20 ms, found 0 plugins.
Preloading 0 native plugins for Editor in 0.00 ms.
Invoked RoslynAnalysisRunner static constructor.
RoslynAnalysisRunner will not be running.
RoslynAnalysisRunner has terminated.
Mono: successfully reloaded assembly
- Completed reload, in  0.715 seconds
Platform modules already initialized, skipping
Refreshing native plugins compatible for Editor in 0.33 ms, found 0 plugins.
Preloading 0 native plugins for Editor in 0.00 ms.
Unloading 1112 Unused Serialized files (Serialized files now loaded: 0)
System memory in use before: 57.7 MB.
System memory in use after: 57.8 MB.

Unloading 7 unused Assets to reduce memory usage. Loaded Objects now: 1567.
Total: 2.380200 ms (FindLiveObjects: 0.202000 ms CreateObjectMapping: 0.080700 ms MarkObjects: 2.009100 ms  DeleteObjects: 0.086900 ms)

========================================================================
Received Import Request.
  Time since last request: 1519.869846 seconds.
  path: Assets/FFmpegOut/Editor/CameraCaptureEditor.cs
  artifactKey: Guid(5e125d1c67e59c444a1e722899c8a950) Importer(815301076,1909f56bfc062723c751e8b465ee728b)
Start importing Assets/FFmpegOut/Editor/CameraCaptureEditor.cs using Guid(5e125d1c67e59c444a1e722899c8a950) Importer(815301076,1909f56bfc062723c751e8b465ee728b)  -> (artifact id: '13041655e530e87d6814636e03960f5d') in 0.012259 seconds
  Import took 0.015258 seconds .

========================================================================
Received Import Request.
  Time since last request: 0.000384 seconds.
  path: Assets/FFmpegOut/Editor
  artifactKey: Guid(ca9c13867ad2c7142a339af129c0f7d7) Importer(815301076,1909f56bfc062723c751e8b465ee728b)
Start importing Assets/FFmpegOut/Editor using Guid(ca9c13867ad2c7142a339af129c0f7d7) Importer(815301076,1909f56bfc062723c751e8b465ee728b)  -> (artifact id: 'd9be809f5ab3822ea657a24e7cea84e3') in 0.008510 seconds
  Import took 0.011390 seconds .

========================================================================
Received Import Request.
  Time since last request: 0.000359 seconds.
  path: Assets/FFmpegOut
  artifactKey: Guid(96acce84bd8153a40adade5dcf56fa3e) Importer(815301076,1909f56bfc062723c751e8b465ee728b)
Start importing Assets/FFmpegOut using Guid(96acce84bd8153a40adade5dcf56fa3e) Importer(815301076,1909f56bfc062723c751e8b465ee728b)  -> (artifact id: '07dcfb56156f7576a354018e722ad105') in 0.012332 seconds
  Import took 0.014984 seconds .

========================================================================
Received Import Request.
  Time since last request: 0.000294 seconds.
  path: Assets/FFmpegOut/Editor/FFmpegOut.Editor.asmdef
  artifactKey: Guid(34c6485430b2eb948b8840a09f7c2fbf) Importer(815301076,1909f56bfc062723c751e8b465ee728b)
Start importing Assets/FFmpegOut/Editor/FFmpegOut.Editor.asmdef using Guid(34c6485430b2eb948b8840a09f7c2fbf) Importer(815301076,1909f56bfc062723c751e8b465ee728b)  -> (artifact id: '7da88fdf2e83a27b3f932f929481fbf4') in 0.009222 seconds
  Import took 0.010956 seconds .

========================================================================
Received Import Request.
  Time since last request: 11.623380 seconds.
  path: Assets/FFmpegOut/Resources
  artifactKey: Guid(0c36e64b6a30f4a43abc488dc63a3323) Importer(815301076,1909f56bfc062723c751e8b465ee728b)
Start importing Assets/FFmpegOut/Resources using Guid(0c36e64b6a30f4a43abc488dc63a3323) Importer(815301076,1909f56bfc062723c751e8b465ee728b)  -> (artifact id: 'd8c47d75fde2c963a76b374b3d8586df') in 0.011364 seconds
  Import took 0.013616 seconds .

========================================================================
Received Import Request.
  Time since last request: 1.692768 seconds.
  path: Assets/FFmpegOut/Runtime
  artifactKey: Guid(5654631662aea5c4294d86ddd75eab98) Importer(815301076,1909f56bfc062723c751e8b465ee728b)
Start importing Assets/FFmpegOut/Runtime using Guid(5654631662aea5c4294d86ddd75eab98) Importer(815301076,1909f56bfc062723c751e8b465ee728b)  -> (artifact id: '4f9c5085829d1e747ce6da916c82d351') in 0.009720 seconds
  Import took 0.015205 seconds .

========================================================================
Received Import Request.
  Time since last request: 0.072213 seconds.
  path: Assets/FFmpegOut/Runtime/FFmpegOut.asmdef
  artifactKey: Guid(2d927f977f87e2f4497af759c3426e00) Importer(815301076,1909f56bfc062723c751e8b465ee728b)
Start importing Assets/FFmpegOut/Runtime/FFmpegOut.asmdef using Guid(2d927f977f87e2f4497af759c3426e00) Importer(815301076,1909f56bfc062723c751e8b465ee728b)  -> (artifact id: 'd9c8a14ddf329b904d11a60763a43227') in 0.003201 seconds
  Import took 0.005020 seconds .

========================================================================
Received Import Request.
  Time since last request: 2.047564 seconds.
  path: Assets/FFmpegOut/Runtime/Internal
  artifactKey: Guid(88f8cafe5d48d4a4f89f22b10bbc64a4) Importer(815301076,1909f56bfc062723c751e8b465ee728b)
Start importing Assets/FFmpegOut/Runtime/Internal using Guid(88f8cafe5d48d4a4f89f22b10bbc64a4) Importer(815301076,1909f56bfc062723c751e8b465ee728b)  -> (artifact id: 'ac6a1a3d4a2a307edd69079927f2345d') in 0.009970 seconds
  Import took 0.014697 seconds .

========================================================================
Received Prepare
Registering precompiled user dll's ...
Registered in 0.000619 seconds.
Begin MonoManager ReloadAssembly
Native extension for WindowsStandalone target not found
Native extension for OSXStandalone target not found
Refreshing native plugins compatible for Editor in 0.26 ms, found 0 plugins.
Preloading 0 native plugins for Editor in 0.00 ms.
Invoked RoslynAnalysisRunner static constructor.
RoslynAnalysisRunner will not be running.
RoslynAnalysisRunner has terminated.
Mono: successfully reloaded assembly
- Completed reload, in  0.740 seconds
Platform modules already initialized, skipping
Refreshing native plugins compatible for Editor in 0.23 ms, found 0 plugins.
Preloading 0 native plugins for Editor in 0.00 ms.
Unloading 1112 Unused Serialized files (Serialized files now loaded: 0)
System memory in use before: 57.9 MB.
System memory in use after: 57.9 MB.

Unloading 7 unused Assets to reduce memory usage. Loaded Objects now: 1569.
Total: 2.396400 ms (FindLiveObjects: 0.212500 ms CreateObjectMapping: 0.051200 ms MarkObjects: 2.052400 ms  DeleteObjects: 0.078800 ms)

========================================================================
Received Prepare
Registering precompiled user dll's ...
Registered in 0.001217 seconds.
Begin MonoManager ReloadAssembly
Native extension for WindowsStandalone target not found
Native extension for OSXStandalone target not found
Refreshing native plugins compatible for Editor in 0.21 ms, found 0 plugins.
Preloading 0 native plugins for Editor in 0.00 ms.
Invoked RoslynAnalysisRunner static constructor.
RoslynAnalysisRunner will not be running.
RoslynAnalysisRunner has terminated.
Mono: successfully reloaded assembly
- Completed reload, in  0.790 seconds
Platform modules already initialized, skipping
Refreshing native plugins compatible for Editor in 0.21 ms, found 0 plugins.
Preloading 0 native plugins for Editor in 0.00 ms.
Unloading 1112 Unused Serialized files (Serialized files now loaded: 0)
System memory in use before: 58.0 MB.
System memory in use after: 58.0 MB.

Unloading 7 unused Assets to reduce memory usage. Loaded Objects now: 1571.
Total: 1.914300 ms (FindLiveObjects: 0.195000 ms CreateObjectMapping: 0.035500 ms MarkObjects: 1.623500 ms  DeleteObjects: 0.059300 ms)

========================================================================
Received Prepare
Registering precompiled user dll's ...
Registered in 0.000639 seconds.
Begin MonoManager ReloadAssembly
Native extension for WindowsStandalone target not found
Native extension for OSXStandalone target not found
Refreshing native plugins compatible for Editor in 0.19 ms, found 0 plugins.
Preloading 0 native plugins for Editor in 0.00 ms.
Invoked RoslynAnalysisRunner static constructor.
RoslynAnalysisRunner will not be running.
RoslynAnalysisRunner has terminated.
Mono: successfully reloaded assembly
- Completed reload, in  0.712 seconds
Platform modules already initialized, skipping
Refreshing native plugins compatible for Editor in 0.20 ms, found 0 plugins.
Preloading 0 native plugins for Editor in 0.00 ms.
Unloading 1101 Unused Serialized files (Serialized files now loaded: 0)
System memory in use before: 57.7 MB.
System memory in use after: 57.8 MB.

Unloading 12 unused Assets to reduce memory usage. Loaded Objects now: 1566.
Total: 2.676300 ms (FindLiveObjects: 0.251600 ms CreateObjectMapping: 0.095400 ms MarkObjects: 2.269800 ms  DeleteObjects: 0.057300 ms)

========================================================================
Received Import Request.
  Time since last request: 513.990846 seconds.
  path: Assets/StreamingAssets
  artifactKey: Guid(c1810c5b20fc03a45a5a98fa6e588118) Importer(815301076,1909f56bfc062723c751e8b465ee728b)
Start importing Assets/StreamingAssets using Guid(c1810c5b20fc03a45a5a98fa6e588118) Importer(815301076,1909f56bfc062723c751e8b465ee728b)  -> (artifact id: '1466be3559ea98b0e76cfed978e7b6a1') in 0.013475 seconds
  Import took 0.016116 seconds .

========================================================================
Received Import Request.
  Time since last request: 2.396903 seconds.
  path: Assets/StreamingAssets/FFmpegOut
  artifactKey: Guid(17b196c7393d3c440affd6e6c88b461b) Importer(815301076,1909f56bfc062723c751e8b465ee728b)
Start importing Assets/StreamingAssets/FFmpegOut using Guid(17b196c7393d3c440affd6e6c88b461b) Importer(815301076,1909f56bfc062723c751e8b465ee728b)  -> (artifact id: '0c3decfb4a218f69ff14b082daf7fa43') in 0.008636 seconds
  Import took 0.012853 seconds .

========================================================================
Received Import Request.
  Time since last request: 3.566779 seconds.
  path: Assets/StreamingAssets/FFmpegOut/Windows
  artifactKey: Guid(f33b5cea1d61f463dad5f19fb34e2fad) Importer(815301076,1909f56bfc062723c751e8b465ee728b)
Start importing Assets/StreamingAssets/FFmpegOut/Windows using Guid(f33b5cea1d61f463dad5f19fb34e2fad) Importer(815301076,1909f56bfc062723c751e8b465ee728b)  -> (artifact id: 'bddbe3692bb44a88b935e1f54a883593') in 0.008717 seconds
  Import took 0.013135 seconds .

========================================================================
Received Import Request.
  Time since last request: 1.273373 seconds.
  path: Assets/StreamingAssets/FFmpegOut/Windows/ffmpeg.exe
  artifactKey: Guid(72302d1ae03853e4da3f708ee7970416) Importer(815301076,1909f56bfc062723c751e8b465ee728b)
Start importing Assets/StreamingAssets/FFmpegOut/Windows/ffmpeg.exe using Guid(72302d1ae03853e4da3f708ee7970416) Importer(815301076,1909f56bfc062723c751e8b465ee728b)  -> (artifact id: '402d71ae17230f3f1f451abffb02226e') in 0.047096 seconds
  Import took 0.050345 seconds .

========================================================================
Received Prepare
Registering precompiled user dll's ...
Registered in 0.000900 seconds.
Begin MonoManager ReloadAssembly
Native extension for WindowsStandalone target not found
Native extension for OSXStandalone target not found
Refreshing native plugins compatible for Editor in 0.19 ms, found 0 plugins.
Preloading 0 native plugins for Editor in 0.00 ms.
Invoked RoslynAnalysisRunner static constructor.
RoslynAnalysisRunner will not be running.
RoslynAnalysisRunner has terminated.
Mono: successfully reloaded assembly
- Completed reload, in  0.791 seconds
Platform modules already initialized, skipping
Refreshing native plugins compatible for Editor in 0.23 ms, found 0 plugins.
Preloading 0 native plugins for Editor in 0.00 ms.
Unloading 1112 Unused Serialized files (Serialized files now loaded: 0)
System memory in use before: 58.2 MB.
System memory in use after: 58.3 MB.

Unloading 7 unused Assets to reduce memory usage. Loaded Objects now: 1575.
Total: 1.562900 ms (FindLiveObjects: 0.185800 ms CreateObjectMapping: 0.054400 ms MarkObjects: 1.266100 ms  DeleteObjects: 0.054700 ms)

========================================================================
Received Import Request.
  Time since last request: 79.617873 seconds.
  path: Assets/FFmpegOut
  artifactKey: Guid(cc572eb7215289d4998e2ebd1f2a2dbc) Importer(815301076,1909f56bfc062723c751e8b465ee728b)
Start importing Assets/FFmpegOut using Guid(cc572eb7215289d4998e2ebd1f2a2dbc) Importer(815301076,1909f56bfc062723c751e8b465ee728b)  -> (artifact id: '5636f3760add99397356dfd64cc259db') in 0.006441 seconds
  Import took 0.011935 seconds .

========================================================================
Received Import Request.
  Time since last request: 4.702437 seconds.
  path: Assets/FFmpegOut/Editor/FrameRateControllerEditor.cs
  artifactKey: Guid(08d008f9408507d4886445ae32b751b2) Importer(815301076,1909f56bfc062723c751e8b465ee728b)
Start importing Assets/FFmpegOut/Editor/FrameRateControllerEditor.cs using Guid(08d008f9408507d4886445ae32b751b2) Importer(815301076,1909f56bfc062723c751e8b465ee728b)  -> (artifact id: '77eb79cca33e91fb90b0f7e40d4ae7f9') in 0.010620 seconds
  Import took 0.012708 seconds .

========================================================================
Received Import Request.
  Time since last request: 0.001748 seconds.
  path: Assets/FFmpegOut/Editor/FrameRateControllerEditor.cs
  artifactKey: Guid(08d008f9408507d4886445ae32b751b2) Importer(815301076,1909f56bfc062723c751e8b465ee728b)
Start importing Assets/FFmpegOut/Editor/FrameRateControllerEditor.cs using Guid(08d008f9408507d4886445ae32b751b2) Importer(815301076,1909f56bfc062723c751e8b465ee728b)  -> (artifact id: '77eb79cca33e91fb90b0f7e40d4ae7f9') in 0.004393 seconds
  Import took 0.006270 seconds .

========================================================================
Received Prepare
Registering precompiled user dll's ...
Registered in 0.001022 seconds.
Begin MonoManager ReloadAssembly
Native extension for WindowsStandalone target not found
Native extension for OSXStandalone target not found
Refreshing native plugins compatible for Editor in 0.33 ms, found 0 plugins.
Preloading 0 native plugins for Editor in 0.00 ms.
Invoked RoslynAnalysisRunner static constructor.
RoslynAnalysisRunner will not be running.
RoslynAnalysisRunner has terminated.
Mono: successfully reloaded assembly
- Completed reload, in  0.904 seconds
Platform modules already initialized, skipping
Refreshing native plugins compatible for Editor in 0.33 ms, found 0 plugins.
Preloading 0 native plugins for Editor in 0.00 ms.
Unloading 1112 Unused Serialized files (Serialized files now loaded: 0)
System memory in use before: 58.3 MB.
System memory in use after: 58.4 MB.

Unloading 7 unused Assets to reduce memory usage. Loaded Objects now: 1577.
Total: 3.790200 ms (FindLiveObjects: 0.303600 ms CreateObjectMapping: 0.128300 ms MarkObjects: 3.243300 ms  DeleteObjects: 0.113100 ms)

========================================================================
Received Import Request.
  Time since last request: 15.142411 seconds.
  path: Assets/FFmpegOut/Runtime/CameraCapture.cs
  artifactKey: Guid(a66fbd5ffe9b9d64da304996f1919f40) Importer(815301076,1909f56bfc062723c751e8b465ee728b)
Start importing Assets/FFmpegOut/Runtime/CameraCapture.cs using Guid(a66fbd5ffe9b9d64da304996f1919f40) Importer(815301076,1909f56bfc062723c751e8b465ee728b)  -> (artifact id: 'bc0f3527ef9af0e4ecf27634203dd171') in 0.010823 seconds
  Import took 0.013845 seconds .

========================================================================
Received Import Request.
  Time since last request: 0.002650 seconds.
  path: Assets/FFmpegOut/Runtime/CameraCapture.cs
  artifactKey: Guid(a66fbd5ffe9b9d64da304996f1919f40) Importer(815301076,1909f56bfc062723c751e8b465ee728b)
Start importing Assets/FFmpegOut/Runtime/CameraCapture.cs using Guid(a66fbd5ffe9b9d64da304996f1919f40) Importer(815301076,1909f56bfc062723c751e8b465ee728b)  -> (artifact id: 'bc0f3527ef9af0e4ecf27634203dd171') in 0.005194 seconds
  Import took 0.007504 seconds .

========================================================================
Received Import Request.
  Time since last request: 16.078189 seconds.
  path: Assets/FFmpegOut/Runtime/Internal/Blitter.cs
  artifactKey: Guid(6dc134cd7da61a9438d65f309789d0d3) Importer(815301076,1909f56bfc062723c751e8b465ee728b)
Start importing Assets/FFmpegOut/Runtime/Internal/Blitter.cs using Guid(6dc134cd7da61a9438d65f309789d0d3) Importer(815301076,1909f56bfc062723c751e8b465ee728b)  -> (artifact id: 'e150d2ee3f114094bb1801fc1eb397e7') in 0.010000 seconds
  Import took 0.015089 seconds .

========================================================================
Received Import Request.
  Time since last request: 0.001346 seconds.
  path: Assets/FFmpegOut/Runtime/Internal/Blitter.cs
  artifactKey: Guid(6dc134cd7da61a9438d65f309789d0d3) Importer(815301076,1909f56bfc062723c751e8b465ee728b)
Start importing Assets/FFmpegOut/Runtime/Internal/Blitter.cs using Guid(6dc134cd7da61a9438d65f309789d0d3) Importer(815301076,1909f56bfc062723c751e8b465ee728b)  -> (artifact id: 'e150d2ee3f114094bb1801fc1eb397e7') in 0.004476 seconds
  Import took 0.006622 seconds .

========================================================================
Received Import Request.
  Time since last request: 1.803157 seconds.
  path: Assets/FFmpegOut/Runtime/Internal/FFmpegPipe.cs
  artifactKey: Guid(fffc00cbe6345c64a8d3898031c46d8a) Importer(815301076,1909f56bfc062723c751e8b465ee728b)
Start importing Assets/FFmpegOut/Runtime/Internal/FFmpegPipe.cs using Guid(fffc00cbe6345c64a8d3898031c46d8a) Importer(815301076,1909f56bfc062723c751e8b465ee728b)  -> (artifact id: '0aa2203266620409378d7aea971280bd') in 0.007704 seconds
  Import took 0.011015 seconds .

========================================================================
Received Import Request.
  Time since last request: 0.004344 seconds.
  path: Assets/FFmpegOut/Runtime/Internal/FFmpegPipe.cs
  artifactKey: Guid(fffc00cbe6345c64a8d3898031c46d8a) Importer(815301076,1909f56bfc062723c751e8b465ee728b)
Start importing Assets/FFmpegOut/Runtime/Internal/FFmpegPipe.cs using Guid(fffc00cbe6345c64a8d3898031c46d8a) Importer(815301076,1909f56bfc062723c751e8b465ee728b)  -> (artifact id: '0aa2203266620409378d7aea971280bd') in 0.005999 seconds
  Import took 0.008674 seconds .

========================================================================
Received Prepare
Registering precompiled user dll's ...
Registered in 0.000651 seconds.
Begin MonoManager ReloadAssembly
Native extension for WindowsStandalone target not found
Native extension for OSXStandalone target not found
Refreshing native plugins compatible for Editor in 0.24 ms, found 0 plugins.
Preloading 0 native plugins for Editor in 0.00 ms.
Invoked RoslynAnalysisRunner static constructor.
RoslynAnalysisRunner will not be running.
RoslynAnalysisRunner has terminated.
Mono: successfully reloaded assembly
- Completed reload, in  0.735 seconds
Platform modules already initialized, skipping
Refreshing native plugins compatible for Editor in 0.20 ms, found 0 plugins.
Preloading 0 native plugins for Editor in 0.00 ms.
Unloading 1112 Unused Serialized files (Serialized files now loaded: 0)
System memory in use before: 58.5 MB.
System memory in use after: 58.5 MB.

Unloading 7 unused Assets to reduce memory usage. Loaded Objects now: 1579.
Total: 1.635000 ms (FindLiveObjects: 0.136900 ms CreateObjectMapping: 0.038100 ms MarkObjects: 1.402400 ms  DeleteObjects: 0.054500 ms)

========================================================================
Received Prepare
Registering precompiled user dll's ...
Registered in 0.000998 seconds.
Begin MonoManager ReloadAssembly
Native extension for WindowsStandalone target not found
Native extension for OSXStandalone target not found
Refreshing native plugins compatible for Editor in 0.19 ms, found 0 plugins.
Preloading 0 native plugins for Editor in 0.00 ms.
Invoked RoslynAnalysisRunner static constructor.
RoslynAnalysisRunner will not be running.
RoslynAnalysisRunner has terminated.
Mono: successfully reloaded assembly
- Completed reload, in  0.803 seconds
Platform modules already initialized, skipping
Refreshing native plugins compatible for Editor in 0.19 ms, found 0 plugins.
Preloading 0 native plugins for Editor in 0.00 ms.
Unloading 1112 Unused Serialized files (Serialized files now loaded: 0)
System memory in use before: 58.6 MB.
System memory in use after: 58.6 MB.

Unloading 7 unused Assets to reduce memory usage. Loaded Objects now: 1581.
Total: 1.586300 ms (FindLiveObjects: 0.133500 ms CreateObjectMapping: 0.037700 ms MarkObjects: 1.359100 ms  DeleteObjects: 0.054900 ms)

========================================================================
Received Prepare
Registering precompiled user dll's ...
Registered in 0.000608 seconds.
Begin MonoManager ReloadAssembly
Native extension for WindowsStandalone target not found
Native extension for OSXStandalone target not found
Refreshing native plugins compatible for Editor in 0.21 ms, found 0 plugins.
Preloading 0 native plugins for Editor in 0.00 ms.
Invoked RoslynAnalysisRunner static constructor.
RoslynAnalysisRunner will not be running.
RoslynAnalysisRunner has terminated.
Mono: successfully reloaded assembly
- Completed reload, in  0.734 seconds
Platform modules already initialized, skipping
Refreshing native plugins compatible for Editor in 0.21 ms, found 0 plugins.
Preloading 0 native plugins for Editor in 0.00 ms.
Unloading 1112 Unused Serialized files (Serialized files now loaded: 0)
System memory in use before: 58.7 MB.
System memory in use after: 58.7 MB.

Unloading 7 unused Assets to reduce memory usage. Loaded Objects now: 1583.
Total: 1.684600 ms (FindLiveObjects: 0.154600 ms CreateObjectMapping: 0.039300 ms MarkObjects: 1.433600 ms  DeleteObjects: 0.055700 ms)

AssetImportWorkerClient::OnTransportError - code=2 error=End of file
